[INFO] Scanning for projects...
[INFO]                                                                         
[INFO] ------------------------------------------------------------------------
[INFO] Building Spring Boot Multi-Connector Tomcat Sample 1.1.5.BUILD-SNAPSHOT
[INFO] ------------------------------------------------------------------------
[INFO] 
[INFO] --- maven-resources-plugin:2.6:resources (default-resources) @ spring-boot-sample-tomcat-multi-connectors ---
[INFO] Using 'UTF-8' encoding to copy filtered resources.
[INFO] Copying 0 resource
[INFO] Copying 1 resource
[INFO] 
[INFO] --- maven-compiler-plugin:3.1:compile (default-compile) @ spring-boot-sample-tomcat-multi-connectors ---
[INFO] Nothing to compile - all classes are up to date
[INFO] 
[INFO] --- maven-resources-plugin:2.6:testResources (default-testResources) @ spring-boot-sample-tomcat-multi-connectors ---
[INFO] Using 'UTF-8' encoding to copy filtered resources.
[INFO] skip non existing resourceDirectory /home/dsyer/dev/boot/boot/spring-boot-samples/spring-boot-sample-tomcat-multi-connectors/src/test/resources
[INFO] 
[INFO] --- maven-compiler-plugin:3.1:testCompile (default-testCompile) @ spring-boot-sample-tomcat-multi-connectors ---
[INFO] Nothing to compile - all classes are up to date
[INFO] 
[INFO] --- maven-surefire-plugin:2.15:test (default-test) @ spring-boot-sample-tomcat-multi-connectors ---
[INFO] Surefire report directory: /home/dsyer/dev/boot/boot/spring-boot-samples/spring-boot-sample-tomcat-multi-connectors/target/surefire-reports

-------------------------------------------------------
 T E S T S
-------------------------------------------------------
Running sample.tomcat.SampleTomcatTwoConnectorsApplicationTests
17:48:19.401 [main] DEBUG o.s.t.c.j.SpringJUnit4ClassRunner - SpringJUnit4ClassRunner constructor called with [class sample.tomcat.SampleTomcatTwoConnectorsApplicationTests].
17:48:19.455 [main] DEBUG o.s.test.context.ContextLoaderUtils - Found explicit ContextLoader class [org.springframework.boot.test.SpringApplicationContextLoader] for context configuration attributes [ContextConfigurationAttributes@5f50ac7e declaringClass = 'sample.tomcat.SampleTomcatTwoConnectorsApplicationTests', locations = '{}', classes = '{class sample.tomcat.SampleTomcatTwoConnectorsApplication}', inheritLocations = true, initializers = '{}', inheritInitializers = true, name = [null], contextLoaderClass = 'org.springframework.boot.test.SpringApplicationContextLoader']
17:48:19.460 [main] DEBUG o.s.test.context.ContextLoaderUtils - Could not find an 'annotation declaring class' for annotation type [org.springframework.test.context.ActiveProfiles] and class [sample.tomcat.SampleTomcatTwoConnectorsApplicationTests]
17:48:19.466 [main] INFO  o.s.test.context.TestContextManager - Could not instantiate TestExecutionListener [org.springframework.test.context.transaction.TransactionalTestExecutionListener]. Specify custom listener classes or make the default listener classes (and their required dependencies) available. Offending class: [org/springframework/transaction/interceptor/TransactionAttribute]
17:48:19.470 [main] DEBUG o.s.t.annotation.ProfileValueUtils - Retrieved @ProfileValueSourceConfiguration [null] for test class [sample.tomcat.SampleTomcatTwoConnectorsApplicationTests]
17:48:19.471 [main] DEBUG o.s.t.annotation.ProfileValueUtils - Retrieved ProfileValueSource type [class org.springframework.test.annotation.SystemProfileValueSource] for class [sample.tomcat.SampleTomcatTwoConnectorsApplicationTests]
17:48:19.473 [main] DEBUG o.s.t.annotation.ProfileValueUtils - Retrieved @ProfileValueSourceConfiguration [null] for test class [sample.tomcat.SampleTomcatTwoConnectorsApplicationTests]
17:48:19.473 [main] DEBUG o.s.t.annotation.ProfileValueUtils - Retrieved ProfileValueSource type [class org.springframework.test.annotation.SystemProfileValueSource] for class [sample.tomcat.SampleTomcatTwoConnectorsApplicationTests]
17:48:19.572 [main] DEBUG o.s.t.annotation.ProfileValueUtils - Retrieved @ProfileValueSourceConfiguration [null] for test class [sample.tomcat.SampleTomcatTwoConnectorsApplicationTests]
17:48:19.572 [main] DEBUG o.s.t.annotation.ProfileValueUtils - Retrieved ProfileValueSource type [class org.springframework.test.annotation.SystemProfileValueSource] for class [sample.tomcat.SampleTomcatTwoConnectorsApplicationTests]
17:48:19.575 [main] DEBUG o.s.t.c.s.DependencyInjectionTestExecutionListener - Performing dependency injection for test context [[DefaultTestContext@1d48085 testClass = SampleTomcatTwoConnectorsApplicationTests, testInstance = sample.tomcat.SampleTomcatTwoConnectorsApplicationTests@26419cb3, testMethod = [null], testException = [null], mergedContextConfiguration = [WebMergedContextConfiguration@1d96bf64 testClass = SampleTomcatTwoConnectorsApplicationTests, locations = '{}', classes = '{class sample.tomcat.SampleTomcatTwoConnectorsApplication}', contextInitializerClasses = '[]', activeProfiles = '{}', resourceBasePath = 'src/main/webapp', contextLoader = 'org.springframework.boot.test.SpringApplicationContextLoader', parent = [null]]]].
17:48:19.685 [main] DEBUG o.s.core.env.StandardEnvironment - Adding [systemProperties] PropertySource with lowest search precedence
17:48:19.689 [main] DEBUG o.s.core.env.StandardEnvironment - Adding [systemEnvironment] PropertySource with lowest search precedence
17:48:19.690 [main] DEBUG o.s.core.env.StandardEnvironment - Initialized StandardEnvironment with PropertySources [systemProperties,systemEnvironment]
17:48:19.693 [main] DEBUG o.s.w.c.s.StandardServletEnvironment - Adding [servletConfigInitParams] PropertySource with lowest search precedence
17:48:19.693 [main] DEBUG o.s.w.c.s.StandardServletEnvironment - Adding [servletContextInitParams] PropertySource with lowest search precedence
17:48:19.702 [main] DEBUG o.s.w.c.s.StandardServletEnvironment - Adding [jndiProperties] PropertySource with lowest search precedence
17:48:19.702 [main] DEBUG o.s.w.c.s.StandardServletEnvironment - Adding [systemProperties] PropertySource with lowest search precedence
17:48:19.703 [main] DEBUG o.s.w.c.s.StandardServletEnvironment - Adding [systemEnvironment] PropertySource with lowest search precedence
17:48:19.703 [main] DEBUG o.s.w.c.s.StandardServletEnvironment - Initialized StandardServletEnvironment with PropertySources [servletConfigInitParams,servletContextInitParams,jndiProperties,systemProperties,systemEnvironment]
17:48:19.704 [main] DEBUG o.s.w.c.s.StandardServletEnvironment - Adding [integrationTest] PropertySource with search precedence immediately lower than [systemEnvironment]

  .   ____          _            __ _ _
 /\\ / ___'_ __ _ _(_)_ __  __ _ \ \ \ \
( ( )\___ | '_ | '_| | '_ \/ _` | \ \ \ \
 \\/  ___)| |_)| | | | | || (_| |  ) ) ) )
  '  |____| .__|_| |_|_| |_\__, | / / / /
 =========|_|==============|___/=/_/_/_/
 :: Spring Boot ::  (v1.1.5.BUILD-SNAPSHOT)

2014-08-06 17:48:20.270  INFO 20487 --- [           main] o.a.maven.surefire.booter.ForkedBooter   : Starting ForkedBooter v2.15 on dsyer with PID 20487 (/home/dsyer/dev/boot/boot/spring-boot-integration-tests/target/local-repo/org/apache/maven/surefire/surefire-booter/2.15/surefire-booter-2.15.jar started by dsyer in /home/dsyer/dev/boot/boot/spring-boot-samples/spring-boot-sample-tomcat-multi-connectors)
2014-08-06 17:48:20.318  INFO 20487 --- [           main] ationConfigEmbeddedWebApplicationContext : Refreshing org.springframework.boot.context.embedded.AnnotationConfigEmbeddedWebApplicationContext@33ba4e15: startup date [Wed Aug 06 17:48:20 PDT 2014]; root of context hierarchy
2014-08-06 17:48:20.850  INFO 20487 --- [           main] o.s.b.f.s.DefaultListableBeanFactory     : Overriding bean definition for bean 'beanNameViewResolver': replacing [Root bean: class [null]; scope=; abstract=false; lazyInit=false; autowireMode=3; dependencyCheck=0; autowireCandidate=true; primary=false; factoryBeanName=org.springframework.boot.autoconfigure.web.ErrorMvcAutoConfiguration$WhitelabelErrorViewConfiguration; factoryMethodName=beanNameViewResolver; initMethodName=null; destroyMethodName=(inferred); defined in class path resource [org/springframework/boot/autoconfigure/web/ErrorMvcAutoConfiguration$WhitelabelErrorViewConfiguration.class]] with [Root bean: class [null]; scope=; abstract=false; lazyInit=false; autowireMode=3; dependencyCheck=0; autowireCandidate=true; primary=false; factoryBeanName=org.springframework.boot.autoconfigure.web.WebMvcAutoConfiguration$WebMvcAutoConfigurationAdapter; factoryMethodName=beanNameViewResolver; initMethodName=null; destroyMethodName=(inferred); defined in class path resource [org/springframework/boot/autoconfigure/web/WebMvcAutoConfiguration$WebMvcAutoConfigurationAdapter.class]]
2014-08-06 17:48:21.469  INFO 20487 --- [           main] .t.TomcatEmbeddedServletContainerFactory : Server initialized with port: 0
2014-08-06 17:48:21.666  INFO 20487 --- [           main] o.apache.catalina.core.StandardService   : Starting service Tomcat
2014-08-06 17:48:21.668  INFO 20487 --- [           main] org.apache.catalina.core.StandardEngine  : Starting Servlet Engine: Apache Tomcat/7.0.54
2014-08-06 17:48:21.765  INFO 20487 --- [ost-startStop-1] o.a.c.c.C.[Tomcat].[localhost].[/]       : Initializing Spring embedded WebApplicationContext
2014-08-06 17:48:21.765  INFO 20487 --- [ost-startStop-1] o.s.web.context.ContextLoader            : Root WebApplicationContext: initialization completed in 1451 ms
2014-08-06 17:48:22.067  INFO 20487 --- [ost-startStop-1] o.s.b.c.e.ServletRegistrationBean        : Mapping servlet: 'dispatcherServlet' to [/]
2014-08-06 17:48:22.069  INFO 20487 --- [ost-startStop-1] o.s.b.c.embedded.FilterRegistrationBean  : Mapping filter: 'hiddenHttpMethodFilter' to: [/*]
2014-08-06 17:48:22.163  INFO 20487 --- [           main] o.s.w.s.handler.SimpleUrlHandlerMapping  : Mapped URL path [/**/favicon.ico] onto handler of type [class org.springframework.web.servlet.resource.ResourceHttpRequestHandler]
2014-08-06 17:48:22.239  INFO 20487 --- [           main] s.w.s.m.m.a.RequestMappingHandlerMapping : Mapped "{[/hello],methods=[],params=[],headers=[],consumes=[],produces=[],custom=[]}" onto public java.lang.String sample.tomcat.web.SampleController.helloWorld()
2014-08-06 17:48:22.241  INFO 20487 --- [           main] s.w.s.m.m.a.RequestMappingHandlerMapping : Mapped "{[/error],methods=[],params=[],headers=[],consumes=[],produces=[text/html],custom=[]}" onto public org.springframework.web.servlet.ModelAndView org.springframework.boot.autoconfigure.web.BasicErrorController.errorHtml(javax.servlet.http.HttpServletRequest)
2014-08-06 17:48:22.242  INFO 20487 --- [           main] s.w.s.m.m.a.RequestMappingHandlerMapping : Mapped "{[/error],methods=[],params=[],headers=[],consumes=[],produces=[],custom=[]}" onto public org.springframework.http.ResponseEntity<java.util.Map<java.lang.String, java.lang.Object>> org.springframework.boot.autoconfigure.web.BasicErrorController.error(javax.servlet.http.HttpServletRequest)
2014-08-06 17:48:22.257  INFO 20487 --- [           main] o.s.w.s.handler.SimpleUrlHandlerMapping  : Mapped URL path [/**] onto handler of type [class org.springframework.web.servlet.resource.ResourceHttpRequestHandler]
2014-08-06 17:48:22.257  INFO 20487 --- [           main] o.s.w.s.handler.SimpleUrlHandlerMapping  : Mapped URL path [/webjars/**] onto handler of type [class org.springframework.web.servlet.resource.ResourceHttpRequestHandler]
2014-08-06 17:48:22.749  INFO 20487 --- [           main] s.b.c.e.t.TomcatEmbeddedServletContainer : Tomcat started on port(s): 43175/http 30752/https
2014-08-06 17:48:22.752  INFO 20487 --- [           main] o.a.maven.surefire.booter.ForkedBooter   : Started ForkedBooter in 3.044 seconds (JVM running for 3.688)
2014-08-06 17:48:22.846  INFO 20487 --- [o-auto-1-exec-1] o.a.c.c.C.[Tomcat].[localhost].[/]       : Initializing Spring FrameworkServlet 'dispatcherServlet'
2014-08-06 17:48:22.846  INFO 20487 --- [o-auto-1-exec-1] o.s.web.servlet.DispatcherServlet        : FrameworkServlet 'dispatcherServlet': initialization started
2014-08-06 17:48:22.861  INFO 20487 --- [o-auto-1-exec-1] o.s.web.servlet.DispatcherServlet        : FrameworkServlet 'dispatcherServlet': initialization completed in 15 ms
2014-08-06 17:48:22.993  INFO 20487 --- [           main] ationConfigEmbeddedWebApplicationContext : Closing org.springframework.boot.context.embedded.AnnotationConfigEmbeddedWebApplicationContext@33ba4e15: startup date [Wed Aug 06 17:48:20 PDT 2014]; root of context hierarchy
2014-08-06 17:48:23.101  INFO 20487 --- [           main] o.apache.catalina.core.StandardService   : Stopping service Tomcat
2014-08-06 17:48:23.103  INFO 20487 --- [ost-startStop-1] o.a.c.c.C.[Tomcat].[localhost].[/]       : Destroying Spring FrameworkServlet 'dispatcherServlet'
Tests run: 1, Failures: 0, Errors: 0, Skipped: 0, Time elapsed: 3.861 sec - in sample.tomcat.SampleTomcatTwoConnectorsApplicationTests

Results :

Tests run: 1, Failures: 0, Errors: 0, Skipped: 0

[INFO] 
[INFO] --- maven-jar-plugin:2.4:jar (default-jar) @ spring-boot-sample-tomcat-multi-connectors ---
[INFO] Building jar: /home/dsyer/dev/boot/boot/spring-boot-samples/spring-boot-sample-tomcat-multi-connectors/target/spring-boot-sample-tomcat-multi-connectors-1.1.5.BUILD-SNAPSHOT.jar
[INFO] 
[INFO] --- spring-boot-maven-plugin:1.1.5.BUILD-SNAPSHOT:repackage (default) @ spring-boot-sample-tomcat-multi-connectors ---
[INFO] ------------------------------------------------------------------------
[INFO] BUILD SUCCESS
[INFO] ------------------------------------------------------------------------
[INFO] Total time: 6.493s
[INFO] Finished at: Wed Aug 06 17:48:23 PDT 2014
[INFO] Final Memory: 15M/211M
[INFO] ------------------------------------------------------------------------
